<?xml version="1.0" encoding="UTF-8"?>
<testsuite name="SieveTest" tests="1" skipped="0" failures="0" errors="0" timestamp="2020-08-14T23:50:22" hostname="192.168.1.102" time="0.005">
  <properties/>
  <testcase name="noPrimesUnder2" classname="SieveTest" time="0.005"/>
  <system-out><![CDATA[]]></system-out>
  <system-err><![CDATA[]]></system-err>
</testsuite>
